2020-07-31 15:52:53,434 [INFO] from play.api.db.DefaultDBApi in play-dev-mode-akka.actor.default-dispatcher-4 - Database [default] initialized at jdbc:mysql://localhost:3306/bugTracker?verifyServerCertificate=false&useSSL=false&requireSSL=false&useLegacyDatetimeCode=false&amp&serverTimezone=UTC
2020-07-31 15:52:53,449 [INFO] from play.api.db.HikariCPConnectionPool in play-dev-mode-akka.actor.default-dispatcher-4 - Creating Pool for datasource 'default'
2020-07-31 15:52:53,478 [WARN] from com.zaxxer.hikari.util.DriverDataSource in play-dev-mode-akka.actor.default-dispatcher-4 - Registered driver with driverClassName=com.mysql.jdbc.Driver was not found, trying direct instantiation.
2020-07-31 15:52:54,032 [INFO] from play.api.http.EnabledFilters in play-dev-mode-akka.actor.default-dispatcher-4 - Enabled Filters (see <https://www.playframework.com/documentation/latest/Filters>):

    play.filters.csrf.CSRFFilter
    play.filters.headers.SecurityHeadersFilter
    play.filters.hosts.AllowedHostsFilter
    filters.ExampleFilter
    play.filters.hosts.AllowedHostsFilter

2020-07-31 15:52:54,043 [INFO] from play.api.Play in play-dev-mode-akka.actor.default-dispatcher-4 - Application started (Dev) (no global state)
2020-07-31 15:55:21,209 [ERROR] from play.api.http.DefaultHttpErrorHandler in play-dev-mode-akka.actor.default-dispatcher-36 - 

! @7gj1p00me - Internal server error, for (GET) [/] ->
 
play.sbt.PlayExceptions$CompilationException: Compilation error[not found: value assetsFinder]
	at play.sbt.PlayExceptions$CompilationException$.apply(PlayExceptions.scala:34)
	at play.sbt.PlayExceptions$CompilationException$.apply(PlayExceptions.scala:34)
	at scala.Option.map(Option.scala:230)
	at play.sbt.run.PlayReload$.$anonfun$taskFailureHandler$1(PlayReload.scala:40)
	at scala.Option.map(Option.scala:230)
	at play.sbt.run.PlayReload$.taskFailureHandler(PlayReload.scala:35)
	at play.sbt.run.PlayReload$.compileFailure(PlayReload.scala:28)
	at play.sbt.run.PlayReload$.$anonfun$compile$3(PlayReload.scala:63)
	at scala.util.Either$LeftProjection.map(Either.scala:573)
	at play.sbt.run.PlayReload$.compile(PlayReload.scala:63)
	at play.sbt.run.PlayRun$.$anonfun$playRunTask$4(PlayRun.scala:78)
	at play.runsupport.Reloader.$anonfun$reload$1(Reloader.scala:496)
	at play.runsupport.Reloader$$anon$1.run(Reloader.scala:57)
	at java.security.AccessController.doPrivileged(Native Method)
	at play.runsupport.Reloader$.play$runsupport$Reloader$$withReloaderContextClassLoader(Reloader.scala:63)
	at play.runsupport.Reloader.reload(Reloader.scala:496)
	at play.core.server.DevServerStart$$anon$1.get(DevServerStart.scala:141)
	at play.core.server.AkkaHttpServer.handleRequest(AkkaHttpServer.scala:300)
	at play.core.server.AkkaHttpServer.$anonfun$createServerBinding$1(AkkaHttpServer.scala:190)
	at akka.stream.impl.fusing.MapAsync$$anon$30.onPush(Ops.scala:1289)
	at akka.stream.impl.fusing.GraphInterpreter.processPush(GraphInterpreter.scala:541)
	at akka.stream.impl.fusing.GraphInterpreter.execute(GraphInterpreter.scala:423)
	at akka.stream.impl.fusing.GraphInterpreterShell.runBatch(ActorGraphInterpreter.scala:624)
	at akka.stream.impl.fusing.GraphInterpreterShell$AsyncInput.execute(ActorGraphInterpreter.scala:501)
	at akka.stream.impl.fusing.GraphInterpreterShell.processEvent(ActorGraphInterpreter.scala:599)
	at akka.stream.impl.fusing.ActorGraphInterpreter.akka$stream$impl$fusing$ActorGraphInterpreter$$processEvent(ActorGraphInterpreter.scala:768)
	at akka.stream.impl.fusing.ActorGraphInterpreter$$anonfun$receive$1.applyOrElse(ActorGraphInterpreter.scala:783)
	at akka.actor.Actor.aroundReceive(Actor.scala:534)
	at akka.actor.Actor.aroundReceive$(Actor.scala:532)
	at akka.stream.impl.fusing.ActorGraphInterpreter.aroundReceive(ActorGraphInterpreter.scala:690)
	at akka.actor.ActorCell.receiveMessage(ActorCell.scala:573)
	at akka.actor.ActorCell.invoke(ActorCell.scala:543)
	at akka.dispatch.Mailbox.processMailbox(Mailbox.scala:269)
	at akka.dispatch.Mailbox.run(Mailbox.scala:230)
	at akka.dispatch.Mailbox.exec(Mailbox.scala:242)
	at java.util.concurrent.ForkJoinTask.doExec(ForkJoinTask.java:289)
	at java.util.concurrent.ForkJoinPool$WorkQueue.runTask(ForkJoinPool.java:1056)
	at java.util.concurrent.ForkJoinPool.runWorker(ForkJoinPool.java:1692)
	at java.util.concurrent.ForkJoinWorkerThread.run(ForkJoinWorkerThread.java:157)
2020-07-31 15:55:35,983 [ERROR] from play.api.http.DefaultHttpErrorHandler in play-dev-mode-akka.actor.default-dispatcher-36 - 

! @7gj1p0n2g - Internal server error, for (GET) [/] ->
 
play.sbt.PlayExceptions$CompilationException: Compilation error[not found: value assetsFinder]
	at play.sbt.PlayExceptions$CompilationException$.apply(PlayExceptions.scala:34)
	at play.sbt.PlayExceptions$CompilationException$.apply(PlayExceptions.scala:34)
	at scala.Option.map(Option.scala:230)
	at play.sbt.run.PlayReload$.$anonfun$taskFailureHandler$1(PlayReload.scala:40)
	at scala.Option.map(Option.scala:230)
	at play.sbt.run.PlayReload$.taskFailureHandler(PlayReload.scala:35)
	at play.sbt.run.PlayReload$.compileFailure(PlayReload.scala:28)
	at play.sbt.run.PlayReload$.$anonfun$compile$3(PlayReload.scala:63)
	at scala.util.Either$LeftProjection.map(Either.scala:573)
	at play.sbt.run.PlayReload$.compile(PlayReload.scala:63)
	at play.sbt.run.PlayRun$.$anonfun$playRunTask$4(PlayRun.scala:78)
	at play.runsupport.Reloader.$anonfun$reload$1(Reloader.scala:496)
	at play.runsupport.Reloader$$anon$1.run(Reloader.scala:57)
	at java.security.AccessController.doPrivileged(Native Method)
	at play.runsupport.Reloader$.play$runsupport$Reloader$$withReloaderContextClassLoader(Reloader.scala:63)
	at play.runsupport.Reloader.reload(Reloader.scala:496)
	at play.core.server.DevServerStart$$anon$1.get(DevServerStart.scala:141)
	at play.core.server.AkkaHttpServer.handleRequest(AkkaHttpServer.scala:300)
	at play.core.server.AkkaHttpServer.$anonfun$createServerBinding$1(AkkaHttpServer.scala:190)
	at akka.stream.impl.fusing.MapAsync$$anon$30.onPush(Ops.scala:1289)
	at akka.stream.impl.fusing.GraphInterpreter.processPush(GraphInterpreter.scala:541)
	at akka.stream.impl.fusing.GraphInterpreter.execute(GraphInterpreter.scala:423)
	at akka.stream.impl.fusing.GraphInterpreterShell.runBatch(ActorGraphInterpreter.scala:624)
	at akka.stream.impl.fusing.GraphInterpreterShell$AsyncInput.execute(ActorGraphInterpreter.scala:501)
	at akka.stream.impl.fusing.GraphInterpreterShell.processEvent(ActorGraphInterpreter.scala:599)
	at akka.stream.impl.fusing.ActorGraphInterpreter.akka$stream$impl$fusing$ActorGraphInterpreter$$processEvent(ActorGraphInterpreter.scala:768)
	at akka.stream.impl.fusing.ActorGraphInterpreter$$anonfun$receive$1.applyOrElse(ActorGraphInterpreter.scala:783)
	at akka.actor.Actor.aroundReceive(Actor.scala:534)
	at akka.actor.Actor.aroundReceive$(Actor.scala:532)
	at akka.stream.impl.fusing.ActorGraphInterpreter.aroundReceive(ActorGraphInterpreter.scala:690)
	at akka.actor.ActorCell.receiveMessage(ActorCell.scala:573)
	at akka.actor.ActorCell.invoke(ActorCell.scala:543)
	at akka.dispatch.Mailbox.processMailbox(Mailbox.scala:269)
	at akka.dispatch.Mailbox.run(Mailbox.scala:230)
	at akka.dispatch.Mailbox.exec(Mailbox.scala:242)
	at java.util.concurrent.ForkJoinTask.doExec(ForkJoinTask.java:289)
	at java.util.concurrent.ForkJoinPool$WorkQueue.runTask(ForkJoinPool.java:1056)
	at java.util.concurrent.ForkJoinPool.runWorker(ForkJoinPool.java:1692)
	at java.util.concurrent.ForkJoinWorkerThread.run(ForkJoinWorkerThread.java:157)
2020-07-31 15:55:41,687 [ERROR] from play.api.http.DefaultHttpErrorHandler in play-dev-mode-akka.actor.default-dispatcher-41 - 

! @7gj1p15dp - Internal server error, for (GET) [/] ->
 
play.sbt.PlayExceptions$CompilationException: Compilation error[not found: value assetsFinder]
	at play.sbt.PlayExceptions$CompilationException$.apply(PlayExceptions.scala:34)
	at play.sbt.PlayExceptions$CompilationException$.apply(PlayExceptions.scala:34)
	at scala.Option.map(Option.scala:230)
	at play.sbt.run.PlayReload$.$anonfun$taskFailureHandler$1(PlayReload.scala:40)
	at scala.Option.map(Option.scala:230)
	at play.sbt.run.PlayReload$.taskFailureHandler(PlayReload.scala:35)
	at play.sbt.run.PlayReload$.compileFailure(PlayReload.scala:28)
	at play.sbt.run.PlayReload$.$anonfun$compile$3(PlayReload.scala:63)
	at scala.util.Either$LeftProjection.map(Either.scala:573)
	at play.sbt.run.PlayReload$.compile(PlayReload.scala:63)
	at play.sbt.run.PlayRun$.$anonfun$playRunTask$4(PlayRun.scala:78)
	at play.runsupport.Reloader.$anonfun$reload$1(Reloader.scala:496)
	at play.runsupport.Reloader$$anon$1.run(Reloader.scala:57)
	at java.security.AccessController.doPrivileged(Native Method)
	at play.runsupport.Reloader$.play$runsupport$Reloader$$withReloaderContextClassLoader(Reloader.scala:63)
	at play.runsupport.Reloader.reload(Reloader.scala:496)
	at play.core.server.DevServerStart$$anon$1.get(DevServerStart.scala:141)
	at play.core.server.AkkaHttpServer.handleRequest(AkkaHttpServer.scala:300)
	at play.core.server.AkkaHttpServer.$anonfun$createServerBinding$1(AkkaHttpServer.scala:190)
	at akka.stream.impl.fusing.MapAsync$$anon$30.onPush(Ops.scala:1289)
	at akka.stream.impl.fusing.GraphInterpreter.processPush(GraphInterpreter.scala:541)
	at akka.stream.impl.fusing.GraphInterpreter.execute(GraphInterpreter.scala:423)
	at akka.stream.impl.fusing.GraphInterpreterShell.runBatch(ActorGraphInterpreter.scala:624)
	at akka.stream.impl.fusing.GraphInterpreterShell$AsyncInput.execute(ActorGraphInterpreter.scala:501)
	at akka.stream.impl.fusing.GraphInterpreterShell.processEvent(ActorGraphInterpreter.scala:599)
	at akka.stream.impl.fusing.ActorGraphInterpreter.akka$stream$impl$fusing$ActorGraphInterpreter$$processEvent(ActorGraphInterpreter.scala:768)
	at akka.stream.impl.fusing.ActorGraphInterpreter$$anonfun$receive$1.applyOrElse(ActorGraphInterpreter.scala:783)
	at akka.actor.Actor.aroundReceive(Actor.scala:534)
	at akka.actor.Actor.aroundReceive$(Actor.scala:532)
	at akka.stream.impl.fusing.ActorGraphInterpreter.aroundReceive(ActorGraphInterpreter.scala:690)
	at akka.actor.ActorCell.receiveMessage(ActorCell.scala:573)
	at akka.actor.ActorCell.invoke(ActorCell.scala:543)
	at akka.dispatch.Mailbox.processMailbox(Mailbox.scala:269)
	at akka.dispatch.Mailbox.run(Mailbox.scala:230)
	at akka.dispatch.Mailbox.exec(Mailbox.scala:242)
	at java.util.concurrent.ForkJoinTask.doExec(ForkJoinTask.java:289)
	at java.util.concurrent.ForkJoinPool$WorkQueue.runTask(ForkJoinPool.java:1056)
	at java.util.concurrent.ForkJoinPool.runWorker(ForkJoinPool.java:1692)
	at java.util.concurrent.ForkJoinWorkerThread.run(ForkJoinWorkerThread.java:157)
2020-07-31 15:56:00,159 [ERROR] from play.api.http.DefaultHttpErrorHandler in play-dev-mode-akka.actor.default-dispatcher-41 - 

! @7gj1p26mb - Internal server error, for (GET) [/] ->
 
play.sbt.PlayExceptions$CompilationException: Compilation error[';' expected but identifier found.]
	at play.sbt.PlayExceptions$CompilationException$.apply(PlayExceptions.scala:34)
	at play.sbt.PlayExceptions$CompilationException$.apply(PlayExceptions.scala:34)
	at scala.Option.map(Option.scala:230)
	at play.sbt.run.PlayReload$.$anonfun$taskFailureHandler$1(PlayReload.scala:40)
	at scala.Option.map(Option.scala:230)
	at play.sbt.run.PlayReload$.taskFailureHandler(PlayReload.scala:35)
	at play.sbt.run.PlayReload$.compileFailure(PlayReload.scala:28)
	at play.sbt.run.PlayReload$.$anonfun$compile$3(PlayReload.scala:63)
	at scala.util.Either$LeftProjection.map(Either.scala:573)
	at play.sbt.run.PlayReload$.compile(PlayReload.scala:63)
	at play.sbt.run.PlayRun$.$anonfun$playRunTask$4(PlayRun.scala:78)
	at play.runsupport.Reloader.$anonfun$reload$1(Reloader.scala:496)
	at play.runsupport.Reloader$$anon$1.run(Reloader.scala:57)
	at java.security.AccessController.doPrivileged(Native Method)
	at play.runsupport.Reloader$.play$runsupport$Reloader$$withReloaderContextClassLoader(Reloader.scala:63)
	at play.runsupport.Reloader.reload(Reloader.scala:496)
	at play.core.server.DevServerStart$$anon$1.get(DevServerStart.scala:141)
	at play.core.server.AkkaHttpServer.handleRequest(AkkaHttpServer.scala:300)
	at play.core.server.AkkaHttpServer.$anonfun$createServerBinding$1(AkkaHttpServer.scala:190)
	at akka.stream.impl.fusing.MapAsync$$anon$30.onPush(Ops.scala:1289)
	at akka.stream.impl.fusing.GraphInterpreter.processPush(GraphInterpreter.scala:541)
	at akka.stream.impl.fusing.GraphInterpreter.execute(GraphInterpreter.scala:423)
	at akka.stream.impl.fusing.GraphInterpreterShell.runBatch(ActorGraphInterpreter.scala:624)
	at akka.stream.impl.fusing.GraphInterpreterShell$AsyncInput.execute(ActorGraphInterpreter.scala:501)
	at akka.stream.impl.fusing.GraphInterpreterShell.processEvent(ActorGraphInterpreter.scala:599)
	at akka.stream.impl.fusing.ActorGraphInterpreter.akka$stream$impl$fusing$ActorGraphInterpreter$$processEvent(ActorGraphInterpreter.scala:768)
	at akka.stream.impl.fusing.ActorGraphInterpreter$$anonfun$receive$1.applyOrElse(ActorGraphInterpreter.scala:783)
	at akka.actor.Actor.aroundReceive(Actor.scala:534)
	at akka.actor.Actor.aroundReceive$(Actor.scala:532)
	at akka.stream.impl.fusing.ActorGraphInterpreter.aroundReceive(ActorGraphInterpreter.scala:690)
	at akka.actor.ActorCell.receiveMessage(ActorCell.scala:573)
	at akka.actor.ActorCell.invoke(ActorCell.scala:543)
	at akka.dispatch.Mailbox.processMailbox(Mailbox.scala:269)
	at akka.dispatch.Mailbox.run(Mailbox.scala:230)
	at akka.dispatch.Mailbox.exec(Mailbox.scala:242)
	at java.util.concurrent.ForkJoinTask.doExec(ForkJoinTask.java:289)
	at java.util.concurrent.ForkJoinPool$WorkQueue.runTask(ForkJoinPool.java:1056)
	at java.util.concurrent.ForkJoinPool.runWorker(ForkJoinPool.java:1692)
	at java.util.concurrent.ForkJoinWorkerThread.run(ForkJoinWorkerThread.java:157)
2020-07-31 15:56:42,021 [INFO] from play.api.db.HikariCPConnectionPool in application-akka.actor.internal-dispatcher-12 - Shutting down connection pool.
2020-07-31 15:56:51,056 [INFO] from play.api.db.DefaultDBApi in play-dev-mode-akka.actor.default-dispatcher-42 - Database [default] initialized at jdbc:mysql://localhost:3306/bugTracker?verifyServerCertificate=false&useSSL=false&requireSSL=false&useLegacyDatetimeCode=false&amp&serverTimezone=UTC
2020-07-31 15:56:51,056 [INFO] from play.api.db.HikariCPConnectionPool in play-dev-mode-akka.actor.default-dispatcher-42 - Creating Pool for datasource 'default'
2020-07-31 15:56:51,057 [WARN] from com.zaxxer.hikari.util.DriverDataSource in play-dev-mode-akka.actor.default-dispatcher-42 - Registered driver with driverClassName=com.mysql.jdbc.Driver was not found, trying direct instantiation.
2020-07-31 15:56:51,317 [INFO] from play.api.http.EnabledFilters in play-dev-mode-akka.actor.default-dispatcher-42 - Enabled Filters (see <https://www.playframework.com/documentation/latest/Filters>):

    play.filters.csrf.CSRFFilter
    play.filters.headers.SecurityHeadersFilter
    play.filters.hosts.AllowedHostsFilter
    filters.ExampleFilter
    play.filters.hosts.AllowedHostsFilter

2020-07-31 15:56:51,320 [INFO] from play.api.Play in play-dev-mode-akka.actor.default-dispatcher-42 - Application started (Dev) (no global state)
2020-07-31 15:58:28,282 [ERROR] from play.api.http.DefaultHttpErrorHandler in play-dev-mode-akka.actor.default-dispatcher-42 - 

! @7gj1pahj1 - Internal server error, for (GET) [/meetTheTeam.scala.html] ->
 
play.sbt.PlayExceptions$CompilationException: Compilation error[type scala is not a member of package views.meetTheTeam]
	at play.sbt.PlayExceptions$CompilationException$.apply(PlayExceptions.scala:34)
	at play.sbt.PlayExceptions$CompilationException$.apply(PlayExceptions.scala:34)
	at scala.Option.map(Option.scala:230)
	at play.sbt.run.PlayReload$.$anonfun$taskFailureHandler$1(PlayReload.scala:40)
	at scala.Option.map(Option.scala:230)
	at play.sbt.run.PlayReload$.taskFailureHandler(PlayReload.scala:35)
	at play.sbt.run.PlayReload$.compileFailure(PlayReload.scala:28)
	at play.sbt.run.PlayReload$.$anonfun$compile$3(PlayReload.scala:63)
	at scala.util.Either$LeftProjection.map(Either.scala:573)
	at play.sbt.run.PlayReload$.compile(PlayReload.scala:63)
	at play.sbt.run.PlayRun$.$anonfun$playRunTask$4(PlayRun.scala:78)
	at play.runsupport.Reloader.$anonfun$reload$1(Reloader.scala:496)
	at play.runsupport.Reloader$$anon$1.run(Reloader.scala:57)
	at java.security.AccessController.doPrivileged(Native Method)
	at play.runsupport.Reloader$.play$runsupport$Reloader$$withReloaderContextClassLoader(Reloader.scala:63)
	at play.runsupport.Reloader.reload(Reloader.scala:496)
	at play.core.server.DevServerStart$$anon$1.get(DevServerStart.scala:141)
	at play.core.server.AkkaHttpServer.handleRequest(AkkaHttpServer.scala:300)
	at play.core.server.AkkaHttpServer.$anonfun$createServerBinding$1(AkkaHttpServer.scala:190)
	at akka.stream.impl.fusing.MapAsync$$anon$30.onPush(Ops.scala:1289)
	at akka.stream.impl.fusing.GraphInterpreter.processPush(GraphInterpreter.scala:541)
	at akka.stream.impl.fusing.GraphInterpreter.execute(GraphInterpreter.scala:423)
	at akka.stream.impl.fusing.GraphInterpreterShell.runBatch(ActorGraphInterpreter.scala:624)
	at akka.stream.impl.fusing.GraphInterpreterShell$AsyncInput.execute(ActorGraphInterpreter.scala:501)
	at akka.stream.impl.fusing.GraphInterpreterShell.processEvent(ActorGraphInterpreter.scala:599)
	at akka.stream.impl.fusing.ActorGraphInterpreter.akka$stream$impl$fusing$ActorGraphInterpreter$$processEvent(ActorGraphInterpreter.scala:768)
	at akka.stream.impl.fusing.ActorGraphInterpreter$$anonfun$receive$1.applyOrElse(ActorGraphInterpreter.scala:783)
	at akka.actor.Actor.aroundReceive(Actor.scala:534)
	at akka.actor.Actor.aroundReceive$(Actor.scala:532)
	at akka.stream.impl.fusing.ActorGraphInterpreter.aroundReceive(ActorGraphInterpreter.scala:690)
	at akka.actor.ActorCell.receiveMessage(ActorCell.scala:573)
	at akka.actor.ActorCell.invoke(ActorCell.scala:543)
	at akka.dispatch.Mailbox.processMailbox(Mailbox.scala:269)
	at akka.dispatch.Mailbox.run(Mailbox.scala:230)
	at akka.dispatch.Mailbox.exec(Mailbox.scala:242)
	at java.util.concurrent.ForkJoinTask.doExec(ForkJoinTask.java:289)
	at java.util.concurrent.ForkJoinPool$WorkQueue.runTask(ForkJoinPool.java:1056)
	at java.util.concurrent.ForkJoinPool.runWorker(ForkJoinPool.java:1692)
	at java.util.concurrent.ForkJoinWorkerThread.run(ForkJoinWorkerThread.java:157)
2020-07-31 15:59:04,620 [ERROR] from play.api.http.DefaultHttpErrorHandler in play-dev-mode-akka.actor.default-dispatcher-41 - 

! @7gj1pcjj1 - Internal server error, for (GET) [/meetTheTeam.scala.html] ->
 
play.sbt.PlayExceptions$CompilationException: Compilation error[type scala is not a member of package views.meetTheTeam]
	at play.sbt.PlayExceptions$CompilationException$.apply(PlayExceptions.scala:34)
	at play.sbt.PlayExceptions$CompilationException$.apply(PlayExceptions.scala:34)
	at scala.Option.map(Option.scala:230)
	at play.sbt.run.PlayReload$.$anonfun$taskFailureHandler$1(PlayReload.scala:40)
	at scala.Option.map(Option.scala:230)
	at play.sbt.run.PlayReload$.taskFailureHandler(PlayReload.scala:35)
	at play.sbt.run.PlayReload$.compileFailure(PlayReload.scala:28)
	at play.sbt.run.PlayReload$.$anonfun$compile$3(PlayReload.scala:63)
	at scala.util.Either$LeftProjection.map(Either.scala:573)
	at play.sbt.run.PlayReload$.compile(PlayReload.scala:63)
	at play.sbt.run.PlayRun$.$anonfun$playRunTask$4(PlayRun.scala:78)
	at play.runsupport.Reloader.$anonfun$reload$1(Reloader.scala:496)
	at play.runsupport.Reloader$$anon$1.run(Reloader.scala:57)
	at java.security.AccessController.doPrivileged(Native Method)
	at play.runsupport.Reloader$.play$runsupport$Reloader$$withReloaderContextClassLoader(Reloader.scala:63)
	at play.runsupport.Reloader.reload(Reloader.scala:496)
	at play.core.server.DevServerStart$$anon$1.get(DevServerStart.scala:141)
	at play.core.server.AkkaHttpServer.handleRequest(AkkaHttpServer.scala:300)
	at play.core.server.AkkaHttpServer.$anonfun$createServerBinding$1(AkkaHttpServer.scala:190)
	at akka.stream.impl.fusing.MapAsync$$anon$30.onPush(Ops.scala:1289)
	at akka.stream.impl.fusing.GraphInterpreter.processPush(GraphInterpreter.scala:541)
	at akka.stream.impl.fusing.GraphInterpreter.execute(GraphInterpreter.scala:423)
	at akka.stream.impl.fusing.GraphInterpreterShell.runBatch(ActorGraphInterpreter.scala:624)
	at akka.stream.impl.fusing.GraphInterpreterShell$AsyncInput.execute(ActorGraphInterpreter.scala:501)
	at akka.stream.impl.fusing.GraphInterpreterShell.processEvent(ActorGraphInterpreter.scala:599)
	at akka.stream.impl.fusing.ActorGraphInterpreter.akka$stream$impl$fusing$ActorGraphInterpreter$$processEvent(ActorGraphInterpreter.scala:768)
	at akka.stream.impl.fusing.ActorGraphInterpreter$$anonfun$receive$1.applyOrElse(ActorGraphInterpreter.scala:783)
	at akka.actor.Actor.aroundReceive(Actor.scala:534)
	at akka.actor.Actor.aroundReceive$(Actor.scala:532)
	at akka.stream.impl.fusing.ActorGraphInterpreter.aroundReceive(ActorGraphInterpreter.scala:690)
	at akka.actor.ActorCell.receiveMessage(ActorCell.scala:573)
	at akka.actor.ActorCell.invoke(ActorCell.scala:543)
	at akka.dispatch.Mailbox.processMailbox(Mailbox.scala:269)
	at akka.dispatch.Mailbox.run(Mailbox.scala:230)
	at akka.dispatch.Mailbox.exec(Mailbox.scala:242)
	at java.util.concurrent.ForkJoinTask.doExec(ForkJoinTask.java:289)
	at java.util.concurrent.ForkJoinPool$WorkQueue.runTask(ForkJoinPool.java:1056)
	at java.util.concurrent.ForkJoinPool.runWorker(ForkJoinPool.java:1692)
	at java.util.concurrent.ForkJoinWorkerThread.run(ForkJoinWorkerThread.java:157)
2020-07-31 16:04:10,304 [ERROR] from play.api.http.DefaultHttpErrorHandler in play-dev-mode-akka.actor.default-dispatcher-76 - 

! @7gj2043o4 - Internal server error, for (GET) [/] ->
 
play.sbt.PlayExceptions$CompilationException: Compilation error[not found: value view]
	at play.sbt.PlayExceptions$CompilationException$.apply(PlayExceptions.scala:34)
	at play.sbt.PlayExceptions$CompilationException$.apply(PlayExceptions.scala:34)
	at scala.Option.map(Option.scala:230)
	at play.sbt.run.PlayReload$.$anonfun$taskFailureHandler$1(PlayReload.scala:40)
	at scala.Option.map(Option.scala:230)
	at play.sbt.run.PlayReload$.taskFailureHandler(PlayReload.scala:35)
	at play.sbt.run.PlayReload$.compileFailure(PlayReload.scala:28)
	at play.sbt.run.PlayReload$.$anonfun$compile$3(PlayReload.scala:63)
	at scala.util.Either$LeftProjection.map(Either.scala:573)
	at play.sbt.run.PlayReload$.compile(PlayReload.scala:63)
	at play.sbt.run.PlayRun$.$anonfun$playRunTask$4(PlayRun.scala:78)
	at play.runsupport.Reloader.$anonfun$reload$1(Reloader.scala:496)
	at play.runsupport.Reloader$$anon$1.run(Reloader.scala:57)
	at java.security.AccessController.doPrivileged(Native Method)
	at play.runsupport.Reloader$.play$runsupport$Reloader$$withReloaderContextClassLoader(Reloader.scala:63)
	at play.runsupport.Reloader.reload(Reloader.scala:496)
	at play.core.server.DevServerStart$$anon$1.get(DevServerStart.scala:141)
	at play.core.server.AkkaHttpServer.handleRequest(AkkaHttpServer.scala:300)
	at play.core.server.AkkaHttpServer.$anonfun$createServerBinding$1(AkkaHttpServer.scala:190)
	at akka.stream.impl.fusing.MapAsync$$anon$30.onPush(Ops.scala:1289)
	at akka.stream.impl.fusing.GraphInterpreter.processPush(GraphInterpreter.scala:541)
	at akka.stream.impl.fusing.GraphInterpreter.execute(GraphInterpreter.scala:423)
	at akka.stream.impl.fusing.GraphInterpreterShell.runBatch(ActorGraphInterpreter.scala:624)
	at akka.stream.impl.fusing.GraphInterpreterShell$AsyncInput.execute(ActorGraphInterpreter.scala:501)
	at akka.stream.impl.fusing.GraphInterpreterShell.processEvent(ActorGraphInterpreter.scala:599)
	at akka.stream.impl.fusing.ActorGraphInterpreter.akka$stream$impl$fusing$ActorGraphInterpreter$$processEvent(ActorGraphInterpreter.scala:768)
	at akka.stream.impl.fusing.ActorGraphInterpreter$$anonfun$receive$1.applyOrElse(ActorGraphInterpreter.scala:783)
	at akka.actor.Actor.aroundReceive(Actor.scala:534)
	at akka.actor.Actor.aroundReceive$(Actor.scala:532)
	at akka.stream.impl.fusing.ActorGraphInterpreter.aroundReceive(ActorGraphInterpreter.scala:690)
	at akka.actor.ActorCell.receiveMessage(ActorCell.scala:573)
	at akka.actor.ActorCell.invoke(ActorCell.scala:543)
	at akka.dispatch.Mailbox.processMailbox(Mailbox.scala:269)
	at akka.dispatch.Mailbox.run(Mailbox.scala:230)
	at akka.dispatch.Mailbox.exec(Mailbox.scala:242)
	at java.util.concurrent.ForkJoinTask.doExec(ForkJoinTask.java:289)
	at java.util.concurrent.ForkJoinPool$WorkQueue.runTask(ForkJoinPool.java:1056)
	at java.util.concurrent.ForkJoinPool.runWorker(ForkJoinPool.java:1692)
	at java.util.concurrent.ForkJoinWorkerThread.run(ForkJoinWorkerThread.java:157)
2020-07-31 16:04:31,421 [ERROR] from play.api.http.DefaultHttpErrorHandler in play-dev-mode-akka.actor.default-dispatcher-78 - 

! @7gj205948 - Internal server error, for (GET) [/] ->
 
play.sbt.PlayExceptions$CompilationException: Compilation error[Cannot find any HTTP Request Header here]
	at play.sbt.PlayExceptions$CompilationException$.apply(PlayExceptions.scala:34)
	at play.sbt.PlayExceptions$CompilationException$.apply(PlayExceptions.scala:34)
	at scala.Option.map(Option.scala:230)
	at play.sbt.run.PlayReload$.$anonfun$taskFailureHandler$1(PlayReload.scala:40)
	at scala.Option.map(Option.scala:230)
	at play.sbt.run.PlayReload$.taskFailureHandler(PlayReload.scala:35)
	at play.sbt.run.PlayReload$.compileFailure(PlayReload.scala:28)
	at play.sbt.run.PlayReload$.$anonfun$compile$3(PlayReload.scala:63)
	at scala.util.Either$LeftProjection.map(Either.scala:573)
	at play.sbt.run.PlayReload$.compile(PlayReload.scala:63)
	at play.sbt.run.PlayRun$.$anonfun$playRunTask$4(PlayRun.scala:78)
	at play.runsupport.Reloader.$anonfun$reload$1(Reloader.scala:496)
	at play.runsupport.Reloader$$anon$1.run(Reloader.scala:57)
	at java.security.AccessController.doPrivileged(Native Method)
	at play.runsupport.Reloader$.play$runsupport$Reloader$$withReloaderContextClassLoader(Reloader.scala:63)
	at play.runsupport.Reloader.reload(Reloader.scala:496)
	at play.core.server.DevServerStart$$anon$1.get(DevServerStart.scala:141)
	at play.core.server.AkkaHttpServer.handleRequest(AkkaHttpServer.scala:300)
	at play.core.server.AkkaHttpServer.$anonfun$createServerBinding$1(AkkaHttpServer.scala:190)
	at akka.stream.impl.fusing.MapAsync$$anon$30.onPush(Ops.scala:1289)
	at akka.stream.impl.fusing.GraphInterpreter.processPush(GraphInterpreter.scala:541)
	at akka.stream.impl.fusing.GraphInterpreter.execute(GraphInterpreter.scala:423)
	at akka.stream.impl.fusing.GraphInterpreterShell.runBatch(ActorGraphInterpreter.scala:624)
	at akka.stream.impl.fusing.GraphInterpreterShell$AsyncInput.execute(ActorGraphInterpreter.scala:501)
	at akka.stream.impl.fusing.GraphInterpreterShell.processEvent(ActorGraphInterpreter.scala:599)
	at akka.stream.impl.fusing.ActorGraphInterpreter.akka$stream$impl$fusing$ActorGraphInterpreter$$processEvent(ActorGraphInterpreter.scala:768)
	at akka.stream.impl.fusing.ActorGraphInterpreter$$anonfun$receive$1.applyOrElse(ActorGraphInterpreter.scala:783)
	at akka.actor.Actor.aroundReceive(Actor.scala:534)
	at akka.actor.Actor.aroundReceive$(Actor.scala:532)
	at akka.stream.impl.fusing.ActorGraphInterpreter.aroundReceive(ActorGraphInterpreter.scala:690)
	at akka.actor.ActorCell.receiveMessage(ActorCell.scala:573)
	at akka.actor.ActorCell.invoke(ActorCell.scala:543)
	at akka.dispatch.Mailbox.processMailbox(Mailbox.scala:269)
	at akka.dispatch.Mailbox.run(Mailbox.scala:230)
	at akka.dispatch.Mailbox.exec(Mailbox.scala:242)
	at java.util.concurrent.ForkJoinTask.doExec(ForkJoinTask.java:289)
	at java.util.concurrent.ForkJoinPool$WorkQueue.runTask(ForkJoinPool.java:1056)
	at java.util.concurrent.ForkJoinPool.runWorker(ForkJoinPool.java:1692)
	at java.util.concurrent.ForkJoinWorkerThread.run(ForkJoinWorkerThread.java:157)
2020-07-31 16:05:05,703 [ERROR] from play.api.http.DefaultHttpErrorHandler in play-dev-mode-akka.actor.default-dispatcher-77 - 

! @7gj2077ml - Internal server error, for (GET) [/] ->
 
play.sbt.PlayExceptions$CompilationException: Compilation error[Cannot find any HTTP Request Header here]
	at play.sbt.PlayExceptions$CompilationException$.apply(PlayExceptions.scala:34)
	at play.sbt.PlayExceptions$CompilationException$.apply(PlayExceptions.scala:34)
	at scala.Option.map(Option.scala:230)
	at play.sbt.run.PlayReload$.$anonfun$taskFailureHandler$1(PlayReload.scala:40)
	at scala.Option.map(Option.scala:230)
	at play.sbt.run.PlayReload$.taskFailureHandler(PlayReload.scala:35)
	at play.sbt.run.PlayReload$.compileFailure(PlayReload.scala:28)
	at play.sbt.run.PlayReload$.$anonfun$compile$3(PlayReload.scala:63)
	at scala.util.Either$LeftProjection.map(Either.scala:573)
	at play.sbt.run.PlayReload$.compile(PlayReload.scala:63)
	at play.sbt.run.PlayRun$.$anonfun$playRunTask$4(PlayRun.scala:78)
	at play.runsupport.Reloader.$anonfun$reload$1(Reloader.scala:496)
	at play.runsupport.Reloader$$anon$1.run(Reloader.scala:57)
	at java.security.AccessController.doPrivileged(Native Method)
	at play.runsupport.Reloader$.play$runsupport$Reloader$$withReloaderContextClassLoader(Reloader.scala:63)
	at play.runsupport.Reloader.reload(Reloader.scala:496)
	at play.core.server.DevServerStart$$anon$1.get(DevServerStart.scala:141)
	at play.core.server.AkkaHttpServer.handleRequest(AkkaHttpServer.scala:300)
	at play.core.server.AkkaHttpServer.$anonfun$createServerBinding$1(AkkaHttpServer.scala:190)
	at akka.stream.impl.fusing.MapAsync$$anon$30.onPush(Ops.scala:1289)
	at akka.stream.impl.fusing.GraphInterpreter.processPush(GraphInterpreter.scala:541)
	at akka.stream.impl.fusing.GraphInterpreter.execute(GraphInterpreter.scala:423)
	at akka.stream.impl.fusing.GraphInterpreterShell.runBatch(ActorGraphInterpreter.scala:624)
	at akka.stream.impl.fusing.GraphInterpreterShell$AsyncInput.execute(ActorGraphInterpreter.scala:501)
	at akka.stream.impl.fusing.GraphInterpreterShell.processEvent(ActorGraphInterpreter.scala:599)
	at akka.stream.impl.fusing.ActorGraphInterpreter.akka$stream$impl$fusing$ActorGraphInterpreter$$processEvent(ActorGraphInterpreter.scala:768)
	at akka.stream.impl.fusing.ActorGraphInterpreter$$anonfun$receive$1.applyOrElse(ActorGraphInterpreter.scala:783)
	at akka.actor.Actor.aroundReceive(Actor.scala:534)
	at akka.actor.Actor.aroundReceive$(Actor.scala:532)
	at akka.stream.impl.fusing.ActorGraphInterpreter.aroundReceive(ActorGraphInterpreter.scala:690)
	at akka.actor.ActorCell.receiveMessage(ActorCell.scala:573)
	at akka.actor.ActorCell.invoke(ActorCell.scala:543)
	at akka.dispatch.Mailbox.processMailbox(Mailbox.scala:269)
	at akka.dispatch.Mailbox.run(Mailbox.scala:230)
	at akka.dispatch.Mailbox.exec(Mailbox.scala:242)
	at java.util.concurrent.ForkJoinTask.doExec(ForkJoinTask.java:289)
	at java.util.concurrent.ForkJoinPool$WorkQueue.runTask(ForkJoinPool.java:1056)
	at java.util.concurrent.ForkJoinPool.runWorker(ForkJoinPool.java:1692)
	at java.util.concurrent.ForkJoinWorkerThread.run(ForkJoinWorkerThread.java:157)
2020-07-31 16:05:44,941 [INFO] from play.api.db.HikariCPConnectionPool in application-akka.actor.internal-dispatcher-9 - Shutting down connection pool.
2020-07-31 16:05:56,626 [INFO] from play.api.db.DefaultDBApi in play-dev-mode-akka.actor.default-dispatcher-76 - Database [default] initialized at jdbc:mysql://localhost:3306/bugTracker?verifyServerCertificate=false&useSSL=false&requireSSL=false&useLegacyDatetimeCode=false&amp&serverTimezone=UTC
2020-07-31 16:05:56,626 [INFO] from play.api.db.HikariCPConnectionPool in play-dev-mode-akka.actor.default-dispatcher-76 - Creating Pool for datasource 'default'
2020-07-31 16:05:56,627 [WARN] from com.zaxxer.hikari.util.DriverDataSource in play-dev-mode-akka.actor.default-dispatcher-76 - Registered driver with driverClassName=com.mysql.jdbc.Driver was not found, trying direct instantiation.
2020-07-31 16:05:56,801 [INFO] from play.api.http.EnabledFilters in play-dev-mode-akka.actor.default-dispatcher-76 - Enabled Filters (see <https://www.playframework.com/documentation/latest/Filters>):

    play.filters.csrf.CSRFFilter
    play.filters.headers.SecurityHeadersFilter
    play.filters.hosts.AllowedHostsFilter
    filters.ExampleFilter
    play.filters.hosts.AllowedHostsFilter

2020-07-31 16:05:56,804 [INFO] from play.api.Play in play-dev-mode-akka.actor.default-dispatcher-76 - Application started (Dev) (no global state)
2020-07-31 16:07:41,038 [INFO] from play.api.db.HikariCPConnectionPool in application-akka.actor.internal-dispatcher-9 - Shutting down connection pool.
2020-07-31 16:07:47,616 [INFO] from play.api.db.DefaultDBApi in play-dev-mode-akka.actor.default-dispatcher-88 - Database [default] initialized at jdbc:mysql://localhost:3306/bugTracker?verifyServerCertificate=false&useSSL=false&requireSSL=false&useLegacyDatetimeCode=false&amp&serverTimezone=UTC
2020-07-31 16:07:47,616 [INFO] from play.api.db.HikariCPConnectionPool in play-dev-mode-akka.actor.default-dispatcher-88 - Creating Pool for datasource 'default'
2020-07-31 16:07:47,617 [WARN] from com.zaxxer.hikari.util.DriverDataSource in play-dev-mode-akka.actor.default-dispatcher-88 - Registered driver with driverClassName=com.mysql.jdbc.Driver was not found, trying direct instantiation.
2020-07-31 16:07:47,807 [INFO] from play.api.http.EnabledFilters in play-dev-mode-akka.actor.default-dispatcher-88 - Enabled Filters (see <https://www.playframework.com/documentation/latest/Filters>):

    play.filters.csrf.CSRFFilter
    play.filters.headers.SecurityHeadersFilter
    play.filters.hosts.AllowedHostsFilter
    filters.ExampleFilter
    play.filters.hosts.AllowedHostsFilter

2020-07-31 16:07:47,811 [INFO] from play.api.Play in play-dev-mode-akka.actor.default-dispatcher-88 - Application started (Dev) (no global state)
2020-07-31 16:09:11,467 [INFO] from play.api.db.HikariCPConnectionPool in application-akka.actor.internal-dispatcher-12 - Shutting down connection pool.
2020-07-31 16:09:24,481 [INFO] from play.api.db.DefaultDBApi in play-dev-mode-akka.actor.default-dispatcher-76 - Database [default] initialized at jdbc:mysql://localhost:3306/bugTracker?verifyServerCertificate=false&useSSL=false&requireSSL=false&useLegacyDatetimeCode=false&amp&serverTimezone=UTC
2020-07-31 16:09:24,482 [INFO] from play.api.db.HikariCPConnectionPool in play-dev-mode-akka.actor.default-dispatcher-76 - Creating Pool for datasource 'default'
2020-07-31 16:09:24,482 [WARN] from com.zaxxer.hikari.util.DriverDataSource in play-dev-mode-akka.actor.default-dispatcher-76 - Registered driver with driverClassName=com.mysql.jdbc.Driver was not found, trying direct instantiation.
2020-07-31 16:09:24,663 [INFO] from play.api.http.EnabledFilters in play-dev-mode-akka.actor.default-dispatcher-76 - Enabled Filters (see <https://www.playframework.com/documentation/latest/Filters>):

    play.filters.csrf.CSRFFilter
    play.filters.headers.SecurityHeadersFilter
    play.filters.hosts.AllowedHostsFilter
    filters.ExampleFilter
    play.filters.hosts.AllowedHostsFilter

2020-07-31 16:09:24,667 [INFO] from play.api.Play in play-dev-mode-akka.actor.default-dispatcher-76 - Application started (Dev) (no global state)
2020-07-31 16:14:27,691 [INFO] from play.api.db.HikariCPConnectionPool in application-akka.actor.internal-dispatcher-10 - Shutting down connection pool.
2020-07-31 16:14:31,835 [INFO] from play.api.db.DefaultDBApi in play-dev-mode-akka.actor.default-dispatcher-128 - Database [default] initialized at jdbc:mysql://localhost:3306/bugTracker?verifyServerCertificate=false&useSSL=false&requireSSL=false&useLegacyDatetimeCode=false&amp&serverTimezone=UTC
2020-07-31 16:14:31,835 [INFO] from play.api.db.HikariCPConnectionPool in play-dev-mode-akka.actor.default-dispatcher-128 - Creating Pool for datasource 'default'
2020-07-31 16:14:31,836 [WARN] from com.zaxxer.hikari.util.DriverDataSource in play-dev-mode-akka.actor.default-dispatcher-128 - Registered driver with driverClassName=com.mysql.jdbc.Driver was not found, trying direct instantiation.
2020-07-31 16:14:32,094 [INFO] from play.api.http.EnabledFilters in play-dev-mode-akka.actor.default-dispatcher-128 - Enabled Filters (see <https://www.playframework.com/documentation/latest/Filters>):

    play.filters.csrf.CSRFFilter
    play.filters.headers.SecurityHeadersFilter
    play.filters.hosts.AllowedHostsFilter
    filters.ExampleFilter
    play.filters.hosts.AllowedHostsFilter

2020-07-31 16:14:32,097 [INFO] from play.api.Play in play-dev-mode-akka.actor.default-dispatcher-128 - Application started (Dev) (no global state)
2020-07-31 16:15:01,605 [INFO] from play.api.db.HikariCPConnectionPool in application-akka.actor.internal-dispatcher-10 - Shutting down connection pool.
2020-07-31 16:15:08,534 [INFO] from play.api.db.DefaultDBApi in play-dev-mode-akka.actor.default-dispatcher-137 - Database [default] initialized at jdbc:mysql://localhost:3306/bugTracker?verifyServerCertificate=false&useSSL=false&requireSSL=false&useLegacyDatetimeCode=false&amp&serverTimezone=UTC
2020-07-31 16:15:08,534 [INFO] from play.api.db.HikariCPConnectionPool in play-dev-mode-akka.actor.default-dispatcher-137 - Creating Pool for datasource 'default'
2020-07-31 16:15:08,535 [WARN] from com.zaxxer.hikari.util.DriverDataSource in play-dev-mode-akka.actor.default-dispatcher-137 - Registered driver with driverClassName=com.mysql.jdbc.Driver was not found, trying direct instantiation.
2020-07-31 16:15:08,770 [INFO] from play.api.http.EnabledFilters in play-dev-mode-akka.actor.default-dispatcher-137 - Enabled Filters (see <https://www.playframework.com/documentation/latest/Filters>):

    play.filters.csrf.CSRFFilter
    play.filters.headers.SecurityHeadersFilter
    play.filters.hosts.AllowedHostsFilter
    filters.ExampleFilter
    play.filters.hosts.AllowedHostsFilter

2020-07-31 16:15:08,774 [INFO] from play.api.Play in play-dev-mode-akka.actor.default-dispatcher-137 - Application started (Dev) (no global state)
2020-07-31 16:15:58,582 [INFO] from play.api.db.HikariCPConnectionPool in application-akka.actor.internal-dispatcher-12 - Shutting down connection pool.
2020-07-31 16:16:04,526 [INFO] from play.api.db.DefaultDBApi in play-dev-mode-akka.actor.default-dispatcher-138 - Database [default] initialized at jdbc:mysql://localhost:3306/bugTracker?verifyServerCertificate=false&useSSL=false&requireSSL=false&useLegacyDatetimeCode=false&amp&serverTimezone=UTC
2020-07-31 16:16:04,526 [INFO] from play.api.db.HikariCPConnectionPool in play-dev-mode-akka.actor.default-dispatcher-138 - Creating Pool for datasource 'default'
2020-07-31 16:16:04,527 [WARN] from com.zaxxer.hikari.util.DriverDataSource in play-dev-mode-akka.actor.default-dispatcher-138 - Registered driver with driverClassName=com.mysql.jdbc.Driver was not found, trying direct instantiation.
2020-07-31 16:16:04,730 [INFO] from play.api.http.EnabledFilters in play-dev-mode-akka.actor.default-dispatcher-138 - Enabled Filters (see <https://www.playframework.com/documentation/latest/Filters>):

    play.filters.csrf.CSRFFilter
    play.filters.headers.SecurityHeadersFilter
    play.filters.hosts.AllowedHostsFilter
    filters.ExampleFilter
    play.filters.hosts.AllowedHostsFilter

2020-07-31 16:16:04,734 [INFO] from play.api.Play in play-dev-mode-akka.actor.default-dispatcher-138 - Application started (Dev) (no global state)
2020-07-31 16:29:36,809 [INFO] from play.api.db.HikariCPConnectionPool in application-akka.actor.internal-dispatcher-20 - Shutting down connection pool.
2020-07-31 16:29:50,154 [INFO] from play.api.db.DefaultDBApi in play-dev-mode-akka.actor.default-dispatcher-185 - Database [default] initialized at jdbc:mysql://localhost:3306/bugTracker?verifyServerCertificate=false&useSSL=false&requireSSL=false&useLegacyDatetimeCode=false&amp&serverTimezone=UTC
2020-07-31 16:29:50,155 [INFO] from play.api.db.HikariCPConnectionPool in play-dev-mode-akka.actor.default-dispatcher-185 - Creating Pool for datasource 'default'
2020-07-31 16:29:50,155 [WARN] from com.zaxxer.hikari.util.DriverDataSource in play-dev-mode-akka.actor.default-dispatcher-185 - Registered driver with driverClassName=com.mysql.jdbc.Driver was not found, trying direct instantiation.
2020-07-31 16:29:50,330 [INFO] from play.api.http.EnabledFilters in play-dev-mode-akka.actor.default-dispatcher-185 - Enabled Filters (see <https://www.playframework.com/documentation/latest/Filters>):

    play.filters.csrf.CSRFFilter
    play.filters.headers.SecurityHeadersFilter
    play.filters.hosts.AllowedHostsFilter
    filters.ExampleFilter
    play.filters.hosts.AllowedHostsFilter

2020-07-31 16:29:50,333 [INFO] from play.api.Play in play-dev-mode-akka.actor.default-dispatcher-185 - Application started (Dev) (no global state)
2020-07-31 16:35:26,145 [INFO] from play.api.db.HikariCPConnectionPool in application-akka.actor.internal-dispatcher-27 - Shutting down connection pool.
2020-07-31 16:35:26,476 [INFO] from play.api.db.DefaultDBApi in play-dev-mode-akka.actor.default-dispatcher-185 - Database [default] initialized at jdbc:mysql://localhost:3306/bugTracker?verifyServerCertificate=false&useSSL=false&requireSSL=false&useLegacyDatetimeCode=false&amp&serverTimezone=UTC
2020-07-31 16:35:26,477 [INFO] from play.api.db.HikariCPConnectionPool in play-dev-mode-akka.actor.default-dispatcher-185 - Creating Pool for datasource 'default'
2020-07-31 16:35:26,477 [WARN] from com.zaxxer.hikari.util.DriverDataSource in play-dev-mode-akka.actor.default-dispatcher-185 - Registered driver with driverClassName=com.mysql.jdbc.Driver was not found, trying direct instantiation.
2020-07-31 16:35:26,650 [INFO] from play.api.http.EnabledFilters in play-dev-mode-akka.actor.default-dispatcher-185 - Enabled Filters (see <https://www.playframework.com/documentation/latest/Filters>):

    play.filters.csrf.CSRFFilter
    play.filters.headers.SecurityHeadersFilter
    play.filters.hosts.AllowedHostsFilter
    filters.ExampleFilter
    play.filters.hosts.AllowedHostsFilter

2020-07-31 16:35:26,654 [INFO] from play.api.Play in play-dev-mode-akka.actor.default-dispatcher-185 - Application started (Dev) (no global state)
2020-07-31 16:37:49,473 [INFO] from play.api.db.HikariCPConnectionPool in application-akka.actor.internal-dispatcher-23 - Shutting down connection pool.
2020-07-31 16:37:49,926 [INFO] from play.api.db.DefaultDBApi in play-dev-mode-akka.actor.default-dispatcher-236 - Database [default] initialized at jdbc:mysql://localhost:3306/bugTracker?verifyServerCertificate=false&useSSL=false&requireSSL=false&useLegacyDatetimeCode=false&amp&serverTimezone=UTC
2020-07-31 16:37:49,926 [INFO] from play.api.db.HikariCPConnectionPool in play-dev-mode-akka.actor.default-dispatcher-236 - Creating Pool for datasource 'default'
2020-07-31 16:37:49,927 [WARN] from com.zaxxer.hikari.util.DriverDataSource in play-dev-mode-akka.actor.default-dispatcher-236 - Registered driver with driverClassName=com.mysql.jdbc.Driver was not found, trying direct instantiation.
2020-07-31 16:37:50,132 [INFO] from play.api.http.EnabledFilters in play-dev-mode-akka.actor.default-dispatcher-236 - Enabled Filters (see <https://www.playframework.com/documentation/latest/Filters>):

    play.filters.csrf.CSRFFilter
    play.filters.headers.SecurityHeadersFilter
    play.filters.hosts.AllowedHostsFilter
    filters.ExampleFilter
    play.filters.hosts.AllowedHostsFilter

2020-07-31 16:37:50,134 [INFO] from play.api.Play in play-dev-mode-akka.actor.default-dispatcher-236 - Application started (Dev) (no global state)
2020-07-31 16:38:30,290 [ERROR] from play.api.http.DefaultHttpErrorHandler in application-akka.actor.default-dispatcher-6 - 

! @7gj24h96b - Internal server error, for (GET) [/trial3] ->
 
play.api.http.HttpErrorHandlerExceptions$$anon$1: Execution exception[[AnormException: 'empPass' not found, available columns: usertable.EmpPass, emppass]]
	at play.api.http.HttpErrorHandlerExceptions$.throwableToUsefulException(HttpErrorHandler.scala:335)
	at play.api.http.DefaultHttpErrorHandler.onServerError(HttpErrorHandler.scala:253)
	at play.core.server.AkkaHttpServer$$anonfun$2.applyOrElse(AkkaHttpServer.scala:424)
	at play.core.server.AkkaHttpServer$$anonfun$2.applyOrElse(AkkaHttpServer.scala:420)
	at scala.concurrent.impl.Promise$Transformation.run(Promise.scala:453)
	at akka.dispatch.BatchingExecutor$AbstractBatch.processBatch(BatchingExecutor.scala:55)
	at akka.dispatch.BatchingExecutor$BlockableBatch.$anonfun$run$1(BatchingExecutor.scala:92)
	at scala.runtime.java8.JFunction0$mcV$sp.apply(JFunction0$mcV$sp.scala:18)
	at scala.concurrent.BlockContext$.withBlockContext(BlockContext.scala:94)
	at akka.dispatch.BatchingExecutor$BlockableBatch.run(BatchingExecutor.scala:92)
	at akka.dispatch.TaskInvocation.run(AbstractDispatcher.scala:47)
	at akka.dispatch.ForkJoinExecutorConfigurator$AkkaForkJoinTask.exec(ForkJoinExecutorConfigurator.scala:47)
	at java.util.concurrent.ForkJoinTask.doExec(ForkJoinTask.java:289)
	at java.util.concurrent.ForkJoinPool$WorkQueue.runTask(ForkJoinPool.java:1056)
	at java.util.concurrent.ForkJoinPool.runWorker(ForkJoinPool.java:1692)
	at java.util.concurrent.ForkJoinWorkerThread.run(ForkJoinWorkerThread.java:157)
Caused by: anorm.AnormException: 'empPass' not found, available columns: usertable.EmpPass, emppass
2020-07-31 16:39:46,055 [ERROR] from play.api.http.DefaultHttpErrorHandler in application-akka.actor.default-dispatcher-18 - 

! @7gj24lh8c - Internal server error, for (POST) [/getbackAddRoles] ->
 
play.api.http.HttpErrorHandlerExceptions$$anon$1: Execution exception[[SQLSyntaxErrorException: Table 'dept' already exists]]
	at play.api.http.HttpErrorHandlerExceptions$.throwableToUsefulException(HttpErrorHandler.scala:335)
	at play.api.http.DefaultHttpErrorHandler.onServerError(HttpErrorHandler.scala:253)
	at play.core.server.AkkaHttpServer$$anonfun$2.applyOrElse(AkkaHttpServer.scala:424)
	at play.core.server.AkkaHttpServer$$anonfun$2.applyOrElse(AkkaHttpServer.scala:420)
	at scala.concurrent.impl.Promise$Transformation.run(Promise.scala:453)
	at akka.dispatch.BatchingExecutor$AbstractBatch.processBatch(BatchingExecutor.scala:55)
	at akka.dispatch.BatchingExecutor$BlockableBatch.$anonfun$run$1(BatchingExecutor.scala:92)
	at scala.runtime.java8.JFunction0$mcV$sp.apply(JFunction0$mcV$sp.scala:18)
	at scala.concurrent.BlockContext$.withBlockContext(BlockContext.scala:94)
	at akka.dispatch.BatchingExecutor$BlockableBatch.run(BatchingExecutor.scala:92)
	at akka.dispatch.TaskInvocation.run(AbstractDispatcher.scala:47)
	at akka.dispatch.ForkJoinExecutorConfigurator$AkkaForkJoinTask.exec(ForkJoinExecutorConfigurator.scala:47)
	at java.util.concurrent.ForkJoinTask.doExec(ForkJoinTask.java:289)
	at java.util.concurrent.ForkJoinPool$WorkQueue.runTask(ForkJoinPool.java:1056)
	at java.util.concurrent.ForkJoinPool.runWorker(ForkJoinPool.java:1692)
	at java.util.concurrent.ForkJoinWorkerThread.run(ForkJoinWorkerThread.java:157)
Caused by: java.sql.SQLSyntaxErrorException: Table 'dept' already exists
	at com.mysql.cj.jdbc.exceptions.SQLError.createSQLException(SQLError.java:120)
	at com.mysql.cj.jdbc.exceptions.SQLError.createSQLException(SQLError.java:97)
	at com.mysql.cj.jdbc.exceptions.SQLExceptionsMapping.translateException(SQLExceptionsMapping.java:122)
	at com.mysql.cj.jdbc.ClientPreparedStatement.executeInternal(ClientPreparedStatement.java:953)
	at com.mysql.cj.jdbc.ClientPreparedStatement.execute(ClientPreparedStatement.java:370)
	at com.zaxxer.hikari.pool.ProxyPreparedStatement.execute(ProxyPreparedStatement.java:44)
	at com.zaxxer.hikari.pool.HikariProxyPreparedStatement.execute(HikariProxyPreparedStatement.java)
	at anorm.Sql.$anonfun$execute$1(Anorm.scala:89)
	at anorm.Sql.$anonfun$execute$1$adapted(Anorm.scala:89)
	at resource.AbstractManagedResource.$anonfun$acquireFor$1(AbstractManagedResource.scala:85)
	at scala.util.control.Exception$Catch.$anonfun$either$1(Exception.scala:251)
	at scala.util.control.Exception$Catch.apply(Exception.scala:227)
	at scala.util.control.Exception$Catch.either(Exception.scala:251)
	at resource.AbstractManagedResource.acquireFor(AbstractManagedResource.scala:85)
	at resource.ManagedResourceOperations.apply(ManagedResourceOperations.scala:31)
	at resource.ManagedResourceOperations.apply$(ManagedResourceOperations.scala:31)
	at resource.AbstractManagedResource.apply(AbstractManagedResource.scala:48)
	at resource.ManagedResourceOperations.acquireAndGet(ManagedResourceOperations.scala:29)
	at resource.ManagedResourceOperations.acquireAndGet$(ManagedResourceOperations.scala:29)
	at resource.AbstractManagedResource.acquireAndGet(AbstractManagedResource.scala:48)
	at anorm.Sql.execute(Anorm.scala:89)
	at anorm.Sql.execute$(Anorm.scala:88)
	at anorm.SimpleSql.execute(SimpleSql.scala:6)
	at controllers.setup.$anonfun$getAddRoles$3(setup.scala:169)
	at controllers.setup.$anonfun$getAddRoles$3$adapted(setup.scala:167)
	at play.api.db.DefaultDatabase.withConnection(Databases.scala:180)
	at play.api.db.DefaultDatabase.withConnection(Databases.scala:174)
	at controllers.setup.$anonfun$getAddRoles$2(setup.scala:167)
	at scala.Option.map(Option.scala:242)
	at controllers.setup.$anonfun$getAddRoles$1(setup.scala:164)
	at scala.Function1.$anonfun$andThen$1(Function1.scala:85)
	at play.api.mvc.ActionBuilderImpl.invokeBlock(Action.scala:441)
	at play.api.mvc.ActionBuilderImpl.invokeBlock(Action.scala:439)
	at play.api.mvc.ActionBuilder$$anon$9.apply(Action.scala:379)
	at play.api.mvc.Action.$anonfun$apply$4(Action.scala:82)
	at scala.concurrent.impl.Promise$Transformation.run(Promise.scala:433)
	... 11 common frames omitted
2020-07-31 16:42:40,891 [INFO] from play.api.db.HikariCPConnectionPool in application-akka.actor.internal-dispatcher-30 - Shutting down connection pool.
2020-07-31 16:42:41,306 [INFO] from play.api.db.DefaultDBApi in play-dev-mode-akka.actor.default-dispatcher-218 - Database [default] initialized at jdbc:mysql://localhost:3306/bugTracker?verifyServerCertificate=false&useSSL=false&requireSSL=false&useLegacyDatetimeCode=false&amp&serverTimezone=UTC
2020-07-31 16:42:41,307 [INFO] from play.api.db.HikariCPConnectionPool in play-dev-mode-akka.actor.default-dispatcher-218 - Creating Pool for datasource 'default'
2020-07-31 16:42:41,309 [WARN] from com.zaxxer.hikari.util.DriverDataSource in play-dev-mode-akka.actor.default-dispatcher-218 - Registered driver with driverClassName=com.mysql.jdbc.Driver was not found, trying direct instantiation.
2020-07-31 16:42:41,517 [INFO] from play.api.http.EnabledFilters in play-dev-mode-akka.actor.default-dispatcher-218 - Enabled Filters (see <https://www.playframework.com/documentation/latest/Filters>):

    play.filters.csrf.CSRFFilter
    play.filters.headers.SecurityHeadersFilter
    play.filters.hosts.AllowedHostsFilter
    filters.ExampleFilter
    play.filters.hosts.AllowedHostsFilter

2020-07-31 16:42:41,521 [INFO] from play.api.Play in play-dev-mode-akka.actor.default-dispatcher-218 - Application started (Dev) (no global state)
2020-07-31 16:45:35,781 [INFO] from play.api.internal.libs.concurrent.CoordinatedShutdownSupport in pool-10-thread-4 - Starting synchronous coordinated shutdown with ServerStoppedReason reason and 35000 milliseconds timeout
2020-07-31 16:45:35,782 [INFO] from play.core.server.AkkaHttpServer in pool-10-thread-4 - Stopping Akka HTTP server...
2020-07-31 16:45:35,792 [INFO] from play.core.server.AkkaHttpServer in play-dev-mode-akka.actor.internal-dispatcher-320 - Terminating server binding for /0:0:0:0:0:0:0:0:9000
2020-07-31 16:45:36,022 [INFO] from play.api.db.HikariCPConnectionPool in application-akka.actor.internal-dispatcher-12 - Shutting down connection pool.
2020-07-31 16:45:36,042 [INFO] from play.core.server.AkkaHttpServer in play-dev-mode-akka.actor.internal-dispatcher-320 - Running provided shutdown stop hooks
